<?xml version="1.0" encoding="UTF-8"?>
<testsuites name="jest tests" tests="2" failures="0" errors="0" time="7.956">
  <testsuite name="undefined" errors="0" failures="0" skipped="0" timestamp="2023-01-18T12:05:22" time="7.072" tests="2">
    <testcase classname=" SQS Queue Created" name=" SQS Queue Created" time="0.17">
    </testcase>
    <testcase classname=" Adding service stage" name=" Adding service stage" time="0.02">
    </testcase>
  </testsuite>
</testsuites>