<?xml version="1.0" encoding="UTF-8"?>
<testsuites name="jest tests" tests="2" failures="0" errors="0" time="25.322">
  <testsuite name="undefined" errors="0" failures="0" skipped="0" timestamp="2023-01-17T11:15:33" time="22.883" tests="2">
    <testcase classname=" SQS Queue Created" name=" SQS Queue Created" time="0.58">
    </testcase>
    <testcase classname=" Adding service stage" name=" Adding service stage" time="0.074">
    </testcase>
  </testsuite>
</testsuites>