<?xml version="1.0" encoding="UTF-8"?>
<testsuites name="jest tests" tests="2" failures="0" errors="0" time="23.869">
  <testsuite name="undefined" errors="0" failures="0" skipped="0" timestamp="2023-01-17T10:33:16" time="21.52" tests="2">
    <testcase classname=" SQS Queue Created" name=" SQS Queue Created" time="0.342">
    </testcase>
    <testcase classname=" Adding service stage" name=" Adding service stage" time="0.042">
    </testcase>
  </testsuite>
</testsuites>