<?xml version="1.0" encoding="UTF-8"?>
<testsuites name="jest tests" tests="1" failures="0" errors="0" time="7.671">
  <testsuite name="undefined" errors="0" failures="0" skipped="0" timestamp="2023-01-16T15:38:46" time="7.124" tests="1">
    <testcase classname=" SQS Queue Created" name=" SQS Queue Created" time="0.135">
    </testcase>
  </testsuite>
</testsuites>